# JRE version: OpenJDK Runtime Environment (15.0.2+7) (build 15.0.2+7)
# Java VM: OpenJDK 64-Bit Server VM (15.0.2+7, mixed mode, tiered, compressed oops, g1 gc, linux-amd64)
GC Precious Log:
 CPUs: 6 total, 6 available
 Memory: 15799M
 Large Page Support: Disabled
 NUMA Support: Disabled
 Compressed Oops: Enabled (Zero based)
 Heap Region Size: 2M
 Heap Min Capacity: 8M
 Heap Initial Capacity: 248M
 Heap Max Capacity: 3950M
 Pre-touch: Disabled
 Parallel Workers: 6
 Concurrent Workers: 2
 Concurrent Refinement Workers: 6
 Periodic GC: Disabled
Heap:
 garbage-first heap   total 40960K, used 17237K [0x0000000709200000, 0x0000000800000000)
  region size 2048K, 5 young (10240K), 1 survivors (2048K)
 Metaspace       used 30772K, capacity 31030K, committed 31408K, reserved 1077248K
  class space    used 3118K, capacity 3216K, committed 3328K, reserved 1048576K
GC Heap History (20 events):
Event: 55,477 GC heap before
{Heap before GC invocations=5 (full 0):
 garbage-first heap   total 40960K, used 26422K [0x0000000709200000, 0x0000000800000000)
  region size 2048K, 10 young (20480K), 1 survivors (2048K)
 Metaspace       used 24157K, capacity 24390K, committed 24752K, reserved 1071104K
  class space    used 2433K, capacity 2528K, committed 2560K, reserved 1048576K
}
Event: 55,479 GC heap after
{Heap after GC invocations=6 (full 0):
 garbage-first heap   total 40960K, used 8106K [0x0000000709200000, 0x0000000800000000)
  region size 2048K, 1 young (2048K), 1 survivors (2048K)
 Metaspace       used 24157K, capacity 24390K, committed 24752K, reserved 1071104K
  class space    used 2433K, capacity 2528K, committed 2560K, reserved 1048576K
}
Event: 56,339 GC heap before
{Heap before GC invocations=6 (full 0):
 garbage-first heap   total 40960K, used 28586K [0x0000000709200000, 0x0000000800000000)
  region size 2048K, 11 young (22528K), 1 survivors (2048K)
 Metaspace       used 28642K, capacity 28964K, committed 29104K, reserved 1075200K
  class space    used 2938K, capacity 3021K, committed 3072K, reserved 1048576K
}
Event: 56,345 GC heap after
{Heap after GC invocations=7 (full 0):
 garbage-first heap   total 40960K, used 10105K [0x0000000709200000, 0x0000000800000000)
  region size 2048K, 2 young (4096K), 2 survivors (4096K)
 Metaspace       used 28642K, capacity 28964K, committed 29104K, reserved 1075200K
  class space    used 2938K, capacity 3021K, committed 3072K, reserved 1048576K
}
Event: 60,643 GC heap before
{Heap before GC invocations=7 (full 0):
 garbage-first heap   total 40960K, used 26489K [0x0000000709200000, 0x0000000800000000)
  region size 2048K, 10 young (20480K), 2 survivors (4096K)
 Metaspace       used 30125K, capacity 30442K, committed 30896K, reserved 1077248K
  class space    used 3093K, capacity 3214K, committed 3328K, reserved 1048576K
}
Event: 60,651 GC heap after
{Heap after GC invocations=8 (full 0):
 garbage-first heap   total 40960K, used 10931K [0x0000000709200000, 0x0000000800000000)
  region size 2048K, 2 young (4096K), 2 survivors (4096K)
 Metaspace       used 30125K, capacity 30442K, committed 30896K, reserved 1077248K
  class space    used 3093K, capacity 3214K, committed 3328K, reserved 1048576K
}
Event: 60,795 GC heap before
{Heap before GC invocations=8 (full 0):
 garbage-first heap   total 40960K, used 27315K [0x0000000709200000, 0x0000000800000000)
  region size 2048K, 10 young (20480K), 2 survivors (4096K)
 Metaspace       used 30185K, capacity 30506K, committed 30896K, reserved 1077248K
  class space    used 3093K, capacity 3214K, committed 3328K, reserved 1048576K
}
Event: 60,799 GC heap after
{Heap after GC invocations=9 (full 0):
 garbage-first heap   total 40960K, used 11194K [0x0000000709200000, 0x0000000800000000)
  region size 2048K, 1 young (2048K), 1 survivors (2048K)
 Metaspace       used 30185K, capacity 30506K, committed 30896K, reserved 1077248K
  class space    used 3093K, capacity 3214K, committed 3328K, reserved 1048576K
}
Event: 60,928 GC heap before
{Heap before GC invocations=9 (full 0):
 garbage-first heap   total 40960K, used 29626K [0x0000000709200000, 0x0000000800000000)
  region size 2048K, 10 young (20480K), 1 survivors (2048K)
 Metaspace       used 30215K, capacity 30506K, committed 30896K, reserved 1077248K
  class space    used 3093K, capacity 3214K, committed 3328K, reserved 1048576K
}
Event: 60,930 GC heap after
{Heap after GC invocations=10 (full 0):
 garbage-first heap   total 40960K, used 11052K [0x0000000709200000, 0x0000000800000000)
  region size 2048K, 1 young (2048K), 1 survivors (2048K)
 Metaspace       used 30215K, capacity 30506K, committed 30896K, reserved 1077248K
  class space    used 3093K, capacity 3214K, committed 3328K, reserved 1048576K
}
Event: 61,063 GC heap before
{Heap before GC invocations=10 (full 0):
 garbage-first heap   total 40960K, used 29484K [0x0000000709200000, 0x0000000800000000)
  region size 2048K, 10 young (20480K), 1 survivors (2048K)
 Metaspace       used 30268K, capacity 30570K, committed 30896K, reserved 1077248K
  class space    used 3093K, capacity 3214K, committed 3328K, reserved 1048576K
}
Event: 61,066 GC heap after
{Heap after GC invocations=11 (full 0):
 garbage-first heap   total 40960K, used 11085K [0x0000000709200000, 0x0000000800000000)
  region size 2048K, 1 young (2048K), 1 survivors (2048K)
 Metaspace       used 30268K, capacity 30570K, committed 30896K, reserved 1077248K
  class space    used 3093K, capacity 3214K, committed 3328K, reserved 1048576K
}
Event: 61,179 GC heap before
{Heap before GC invocations=11 (full 0):
 garbage-first heap   total 40960K, used 29517K [0x0000000709200000, 0x0000000800000000)
  region size 2048K, 10 young (20480K), 1 survivors (2048K)
 Metaspace       used 30268K, capacity 30570K, committed 30896K, reserved 1077248K
  class space    used 3093K, capacity 3214K, committed 3328K, reserved 1048576K
}
Event: 61,182 GC heap after
{Heap after GC invocations=12 (full 0):
 garbage-first heap   total 40960K, used 11141K [0x0000000709200000, 0x0000000800000000)
  region size 2048K, 1 young (2048K), 1 survivors (2048K)
 Metaspace       used 30268K, capacity 30570K, committed 30896K, reserved 1077248K
  class space    used 3093K, capacity 3214K, committed 3328K, reserved 1048576K
}
Event: 61,317 GC heap before
{Heap before GC invocations=12 (full 0):
 garbage-first heap   total 40960K, used 31621K [0x0000000709200000, 0x0000000800000000)
  region size 2048K, 11 young (22528K), 1 survivors (2048K)
 Metaspace       used 30280K, capacity 30570K, committed 30896K, reserved 1077248K
  class space    used 3093K, capacity 3214K, committed 3328K, reserved 1048576K
}
Event: 61,320 GC heap after
{Heap after GC invocations=13 (full 0):
 garbage-first heap   total 40960K, used 11205K [0x0000000709200000, 0x0000000800000000)
  region size 2048K, 1 young (2048K), 1 survivors (2048K)
 Metaspace       used 30280K, capacity 30570K, committed 30896K, reserved 1077248K
  class space    used 3093K, capacity 3214K, committed 3328K, reserved 1048576K
}
Event: 61,555 GC heap before
{Heap before GC invocations=13 (full 0):
 garbage-first heap   total 40960K, used 31685K [0x0000000709200000, 0x0000000800000000)
  region size 2048K, 11 young (22528K), 1 survivors (2048K)
 Metaspace       used 30364K, capacity 30634K, committed 30896K, reserved 1077248K
  class space    used 3093K, capacity 3214K, committed 3328K, reserved 1048576K
}
Event: 61,559 GC heap after
{Heap after GC invocations=14 (full 0):
 garbage-first heap   total 40960K, used 10660K [0x0000000709200000, 0x0000000800000000)
  region size 2048K, 1 young (2048K), 1 survivors (2048K)
 Metaspace       used 30364K, capacity 30634K, committed 30896K, reserved 1077248K
  class space    used 3093K, capacity 3214K, committed 3328K, reserved 1048576K
}
Event: 64,343 GC heap before
{Heap before GC invocations=14 (full 0):
 garbage-first heap   total 40960K, used 31140K [0x0000000709200000, 0x0000000800000000)
  region size 2048K, 11 young (22528K), 1 survivors (2048K)
 Metaspace       used 30685K, capacity 30966K, committed 31408K, reserved 1077248K
  class space    used 3111K, capacity 3216K, committed 3328K, reserved 1048576K
}
Event: 64,346 GC heap after
{Heap after GC invocations=15 (full 0):
 garbage-first heap   total 40960K, used 11093K [0x0000000709200000, 0x0000000800000000)
  region size 2048K, 1 young (2048K), 1 survivors (2048K)
 Metaspace       used 30685K, capacity 30966K, committed 31408K, reserved 1077248K
  class space    used 3111K, capacity 3216K, committed 3328K, reserved 1048576K
}

